# JRE version: OpenJDK Runtime Environment (21.0.5) (build 21.0.5+-12932927-b750.29)
# Java VM: OpenJDK 64-Bit Server VM (21.0.5+-12932927-b750.29, mixed mode, tiered, compressed oops, compressed class ptrs, g1 gc, windows-amd64)
GC Precious Log:
 CardTable entry size: 512
 Card Set container configuration: InlinePtr #cards 5 size 8 Array Of Cards #cards 12 size 40 Howl #buckets 4 coarsen threshold 1843 Howl Bitmap #cards 512 size 80 coarsen threshold 460 Card regions per heap region 1 cards per card region 2048
 CPUs: 12 total, 12 available
 Memory: 16110M
 Large Page Support: Disabled
 NUMA Support: Disabled
 Compressed Oops: Enabled (32-bit)
 Heap Region Size: 1M
 Heap Min Capacity: 8M
 Heap Initial Capacity: 252M
 Heap Max Capacity: 2G
 Pre-touch: Disabled
 Parallel Workers: 10
 Concurrent Workers: 3
 Concurrent Refinement Workers: 10
 Periodic GC: Disabled
Heap:
 garbage-first heap   total 238592K, used 138447K [0x0000000080000000, 0x0000000100000000)
  region size 1024K, 7 young (7168K), 7 survivors (7168K)
 Metaspace       used 119964K, committed 122176K, reserved 1179648K
  class space    used 16484K, committed 17600K, reserved 1048576K
GC Heap History (20 events):
Event: 12.441 GC heap after
{Heap after GC invocations=28 (full 0):
 garbage-first heap   total 172032K, used 93659K [0x0000000080000000, 0x0000000100000000)
  region size 1024K, 8 young (8192K), 8 survivors (8192K)
 Metaspace       used 96490K, committed 98368K, reserved 1179648K
  class space    used 13140K, committed 14080K, reserved 1048576K
}
Event: 13.096 GC heap before
{Heap before GC invocations=28 (full 0):
 garbage-first heap   total 172032K, used 153051K [0x0000000080000000, 0x0000000100000000)
  region size 1024K, 66 young (67584K), 8 survivors (8192K)
 Metaspace       used 100743K, committed 102912K, reserved 1179648K
  class space    used 13766K, committed 14848K, reserved 1048576K
}
Event: 13.102 GC heap after
{Heap after GC invocations=29 (full 0):
 garbage-first heap   total 172032K, used 96753K [0x0000000080000000, 0x0000000100000000)
  region size 1024K, 7 young (7168K), 7 survivors (7168K)
 Metaspace       used 100743K, committed 102912K, reserved 1179648K
  class space    used 13766K, committed 14848K, reserved 1048576K
}
Event: 13.656 GC heap before
{Heap before GC invocations=29 (full 0):
 garbage-first heap   total 172032K, used 154097K [0x0000000080000000, 0x0000000100000000)
  region size 1024K, 63 young (64512K), 7 survivors (7168K)
 Metaspace       used 105224K, committed 107328K, reserved 1179648K
  class space    used 14436K, committed 15488K, reserved 1048576K
}
Event: 13.661 GC heap after
{Heap after GC invocations=30 (full 0):
 garbage-first heap   total 172032K, used 99417K [0x0000000080000000, 0x0000000100000000)
  region size 1024K, 7 young (7168K), 7 survivors (7168K)
 Metaspace       used 105224K, committed 107328K, reserved 1179648K
  class space    used 14436K, committed 15488K, reserved 1048576K
}
Event: 14.259 GC heap before
{Heap before GC invocations=31 (full 0):
 garbage-first heap   total 172032K, used 154713K [0x0000000080000000, 0x0000000100000000)
  region size 1024K, 61 young (62464K), 7 survivors (7168K)
 Metaspace       used 109233K, committed 111424K, reserved 1179648K
  class space    used 15015K, committed 16128K, reserved 1048576K
}
Event: 14.265 GC heap after
{Heap after GC invocations=32 (full 0):
 garbage-first heap   total 172032K, used 103851K [0x0000000080000000, 0x0000000100000000)
  region size 1024K, 7 young (7168K), 7 survivors (7168K)
 Metaspace       used 109233K, committed 111424K, reserved 1179648K
  class space    used 15015K, committed 16128K, reserved 1048576K
}
Event: 14.681 GC heap before
{Heap before GC invocations=32 (full 0):
 garbage-first heap   total 172032K, used 154027K [0x0000000080000000, 0x0000000100000000)
  region size 1024K, 57 young (58368K), 7 survivors (7168K)
 Metaspace       used 110800K, committed 112960K, reserved 1179648K
  class space    used 15209K, committed 16320K, reserved 1048576K
}
Event: 14.689 GC heap after
{Heap after GC invocations=33 (full 0):
 garbage-first heap   total 172032K, used 110352K [0x0000000080000000, 0x0000000100000000)
  region size 1024K, 7 young (7168K), 7 survivors (7168K)
 Metaspace       used 110800K, committed 112960K, reserved 1179648K
  class space    used 15209K, committed 16320K, reserved 1048576K
}
Event: 14.868 GC heap before
{Heap before GC invocations=33 (full 0):
 garbage-first heap   total 172032K, used 154384K [0x0000000080000000, 0x0000000100000000)
  region size 1024K, 51 young (52224K), 7 survivors (7168K)
 Metaspace       used 111166K, committed 113344K, reserved 1179648K
  class space    used 15284K, committed 16384K, reserved 1048576K
}
Event: 14.873 GC heap after
{Heap after GC invocations=34 (full 0):
 garbage-first heap   total 172032K, used 112632K [0x0000000080000000, 0x0000000100000000)
  region size 1024K, 5 young (5120K), 5 survivors (5120K)
 Metaspace       used 111166K, committed 113344K, reserved 1179648K
  class space    used 15284K, committed 16384K, reserved 1048576K
}
Event: 15.216 GC heap before
{Heap before GC invocations=35 (full 0):
 garbage-first heap   total 189440K, used 159736K [0x0000000080000000, 0x0000000100000000)
  region size 1024K, 47 young (48128K), 5 survivors (5120K)
 Metaspace       used 113068K, committed 115264K, reserved 1179648K
  class space    used 15460K, committed 16576K, reserved 1048576K
}
Event: 15.220 GC heap after
{Heap after GC invocations=36 (full 0):
 garbage-first heap   total 189440K, used 116529K [0x0000000080000000, 0x0000000100000000)
  region size 1024K, 6 young (6144K), 6 survivors (6144K)
 Metaspace       used 113068K, committed 115264K, reserved 1179648K
  class space    used 15460K, committed 16576K, reserved 1048576K
}
Event: 15.597 GC heap before
{Heap before GC invocations=36 (full 0):
 garbage-first heap   total 189440K, used 171825K [0x0000000080000000, 0x0000000100000000)
  region size 1024K, 61 young (62464K), 6 survivors (6144K)
 Metaspace       used 114011K, committed 116160K, reserved 1179648K
  class space    used 15562K, committed 16640K, reserved 1048576K
}
Event: 15.603 GC heap after
{Heap after GC invocations=37 (full 0):
 garbage-first heap   total 189440K, used 117862K [0x0000000080000000, 0x0000000100000000)
  region size 1024K, 5 young (5120K), 5 survivors (5120K)
 Metaspace       used 114011K, committed 116160K, reserved 1179648K
  class space    used 15562K, committed 16640K, reserved 1048576K
}
Event: 15.922 GC heap before
{Heap before GC invocations=37 (full 0):
 garbage-first heap   total 189440K, used 172134K [0x0000000080000000, 0x0000000100000000)
  region size 1024K, 59 young (60416K), 5 survivors (5120K)
 Metaspace       used 115438K, committed 117696K, reserved 1179648K
  class space    used 15761K, committed 16896K, reserved 1048576K
}
Event: 15.928 GC heap after
{Heap after GC invocations=38 (full 0):
 garbage-first heap   total 189440K, used 122055K [0x0000000080000000, 0x0000000100000000)
  region size 1024K, 7 young (7168K), 7 survivors (7168K)
 Metaspace       used 115438K, committed 117696K, reserved 1179648K
  class space    used 15761K, committed 16896K, reserved 1048576K
}
Event: 16.046 GC heap before
{Heap before GC invocations=39 (full 0):
 garbage-first heap   total 204800K, used 170183K [0x0000000080000000, 0x0000000100000000)
  region size 1024K, 55 young (56320K), 7 survivors (7168K)
 Metaspace       used 116150K, committed 118336K, reserved 1179648K
  class space    used 15847K, committed 16960K, reserved 1048576K
}
Event: 16.051 GC heap after
{Heap after GC invocations=40 (full 0):
 garbage-first heap   total 204800K, used 132236K [0x0000000080000000, 0x0000000100000000)
  region size 1024K, 7 young (7168K), 7 survivors (7168K)
 Metaspace       used 116150K, committed 118336K, reserved 1179648K
  class space    used 15847K, committed 16960K, reserved 1048576K
}
Event: 16.376 GC heap before
{Heap before GC invocations=40 (full 0):
 garbage-first heap   total 204800K, used 182412K [0x0000000080000000, 0x0000000100000000)
  region size 1024K, 57 young (58368K), 7 survivors (7168K)
 Metaspace       used 119964K, committed 122176K, reserved 1179648K
  class space    used 16484K, committed 17600K, reserved 1048576K
}

