# JRE version: OpenJDK Runtime Environment (21.0.5) (build 21.0.5+-12932927-b750.29)
# Java VM: OpenJDK 64-Bit Server VM (21.0.5+-12932927-b750.29, mixed mode, tiered, compressed oops, compressed class ptrs, g1 gc, windows-amd64)
GC Precious Log:
 CardTable entry size: 512
 Card Set container configuration: InlinePtr #cards 5 size 8 Array Of Cards #cards 12 size 40 Howl #buckets 4 coarsen threshold 1843 Howl Bitmap #cards 512 size 80 coarsen threshold 460 Card regions per heap region 1 cards per card region 2048
 CPUs: 12 total, 12 available
 Memory: 16110M
 Large Page Support: Disabled
 NUMA Support: Disabled
 Compressed Oops: Enabled (32-bit)
 Heap Region Size: 1M
 Heap Min Capacity: 8M
 Heap Initial Capacity: 252M
 Heap Max Capacity: 2G
 Pre-touch: Disabled
 Parallel Workers: 10
 Concurrent Workers: 3
 Concurrent Refinement Workers: 10
 Periodic GC: Disabled
Heap:
 garbage-first heap   total 389120K, used 243712K [0x0000000080000000, 0x0000000100000000)
  region size 1024K, 8 young (8192K), 8 survivors (8192K)
 Metaspace       used 139164K, committed 141376K, reserved 1179648K
  class space    used 19295K, committed 20416K, reserved 1048576K
GC Heap History (20 events):
Event: 477.548 GC heap after
{Heap after GC invocations=53 (full 0):
 garbage-first heap   total 219136K, used 128784K [0x0000000080000000, 0x0000000100000000)
  region size 1024K, 5 young (5120K), 5 survivors (5120K)
 Metaspace       used 123196K, committed 125440K, reserved 1179648K
  class space    used 16675K, committed 17792K, reserved 1048576K
}
Event: 477.648 GC heap before
{Heap before GC invocations=53 (full 0):
 garbage-first heap   total 219136K, used 199440K [0x0000000080000000, 0x0000000100000000)
  region size 1024K, 75 young (76800K), 5 survivors (5120K)
 Metaspace       used 123222K, committed 125440K, reserved 1179648K
  class space    used 16676K, committed 17792K, reserved 1048576K
}
Event: 477.653 GC heap after
{Heap after GC invocations=54 (full 0):
 garbage-first heap   total 219136K, used 125411K [0x0000000080000000, 0x0000000100000000)
  region size 1024K, 5 young (5120K), 5 survivors (5120K)
 Metaspace       used 123222K, committed 125440K, reserved 1179648K
  class space    used 16676K, committed 17792K, reserved 1048576K
}
Event: 477.728 GC heap before
{Heap before GC invocations=54 (full 0):
 garbage-first heap   total 219136K, used 200163K [0x0000000080000000, 0x0000000100000000)
  region size 1024K, 79 young (80896K), 5 survivors (5120K)
 Metaspace       used 123236K, committed 125440K, reserved 1179648K
  class space    used 16676K, committed 17792K, reserved 1048576K
}
Event: 477.732 GC heap after
{Heap after GC invocations=55 (full 0):
 garbage-first heap   total 296960K, used 125620K [0x0000000080000000, 0x0000000100000000)
  region size 1024K, 6 young (6144K), 6 survivors (6144K)
 Metaspace       used 123236K, committed 125440K, reserved 1179648K
  class space    used 16676K, committed 17792K, reserved 1048576K
}
Event: 478.019 GC heap before
{Heap before GC invocations=56 (full 0):
 garbage-first heap   total 296960K, used 273076K [0x0000000080000000, 0x0000000100000000)
  region size 1024K, 151 young (154624K), 6 survivors (6144K)
 Metaspace       used 123285K, committed 125504K, reserved 1179648K
  class space    used 16680K, committed 17792K, reserved 1048576K
}
Event: 478.022 GC heap after
{Heap after GC invocations=57 (full 0):
 garbage-first heap   total 296960K, used 124695K [0x0000000080000000, 0x0000000100000000)
  region size 1024K, 5 young (5120K), 5 survivors (5120K)
 Metaspace       used 123285K, committed 125504K, reserved 1179648K
  class space    used 16680K, committed 17792K, reserved 1048576K
}
Event: 478.633 GC heap before
{Heap before GC invocations=57 (full 0):
 garbage-first heap   total 296960K, used 274199K [0x0000000080000000, 0x0000000100000000)
  region size 1024K, 152 young (155648K), 5 survivors (5120K)
 Metaspace       used 125283K, committed 127552K, reserved 1179648K
  class space    used 16955K, committed 18112K, reserved 1048576K
}
Event: 478.641 GC heap after
{Heap after GC invocations=58 (full 0):
 garbage-first heap   total 303104K, used 146207K [0x0000000080000000, 0x0000000100000000)
  region size 1024K, 19 young (19456K), 19 survivors (19456K)
 Metaspace       used 125283K, committed 127552K, reserved 1179648K
  class space    used 16955K, committed 18112K, reserved 1048576K
}
Event: 479.101 GC heap before
{Heap before GC invocations=58 (full 0):
 garbage-first heap   total 303104K, used 266015K [0x0000000080000000, 0x0000000100000000)
  region size 1024K, 137 young (140288K), 19 survivors (19456K)
 Metaspace       used 130513K, committed 132736K, reserved 1179648K
  class space    used 17814K, committed 18944K, reserved 1048576K
}
Event: 479.118 GC heap after
{Heap after GC invocations=59 (full 0):
 garbage-first heap   total 308224K, used 163660K [0x0000000080000000, 0x0000000100000000)
  region size 1024K, 18 young (18432K), 18 survivors (18432K)
 Metaspace       used 130513K, committed 132736K, reserved 1179648K
  class space    used 17814K, committed 18944K, reserved 1048576K
}
Event: 479.347 GC heap before
{Heap before GC invocations=59 (full 0):
 garbage-first heap   total 308224K, used 272204K [0x0000000080000000, 0x0000000100000000)
  region size 1024K, 125 young (128000K), 18 survivors (18432K)
 Metaspace       used 132848K, committed 135104K, reserved 1179648K
  class space    used 18177K, committed 19328K, reserved 1048576K
}
Event: 479.369 GC heap after
{Heap after GC invocations=60 (full 0):
 garbage-first heap   total 309248K, used 181042K [0x0000000080000000, 0x0000000100000000)
  region size 1024K, 16 young (16384K), 16 survivors (16384K)
 Metaspace       used 132848K, committed 135104K, reserved 1179648K
  class space    used 18177K, committed 19328K, reserved 1048576K
}
Event: 479.541 GC heap before
{Heap before GC invocations=61 (full 0):
 garbage-first heap   total 309248K, used 274226K [0x0000000080000000, 0x0000000100000000)
  region size 1024K, 108 young (110592K), 16 survivors (16384K)
 Metaspace       used 134142K, committed 136384K, reserved 1179648K
  class space    used 18368K, committed 19520K, reserved 1048576K
}
Event: 479.561 GC heap after
{Heap after GC invocations=62 (full 0):
 garbage-first heap   total 313344K, used 202752K [0x0000000080000000, 0x0000000100000000)
  region size 1024K, 14 young (14336K), 14 survivors (14336K)
 Metaspace       used 134142K, committed 136384K, reserved 1179648K
  class space    used 18368K, committed 19520K, reserved 1048576K
}
Event: 479.695 GC heap before
{Heap before GC invocations=62 (full 0):
 garbage-first heap   total 313344K, used 279552K [0x0000000080000000, 0x0000000100000000)
  region size 1024K, 89 young (91136K), 14 survivors (14336K)
 Metaspace       used 135899K, committed 138176K, reserved 1179648K
  class space    used 18742K, committed 19904K, reserved 1048576K
}
Event: 479.711 GC heap after
{Heap after GC invocations=63 (full 0):
 garbage-first heap   total 315392K, used 218939K [0x0000000080000000, 0x0000000100000000)
  region size 1024K, 12 young (12288K), 12 survivors (12288K)
 Metaspace       used 135899K, committed 138176K, reserved 1179648K
  class space    used 18742K, committed 19904K, reserved 1048576K
}
Event: 479.811 GC heap before
{Heap before GC invocations=63 (full 0):
 garbage-first heap   total 315392K, used 282427K [0x0000000080000000, 0x0000000100000000)
  region size 1024K, 75 young (76800K), 12 survivors (12288K)
 Metaspace       used 137439K, committed 139712K, reserved 1179648K
  class space    used 19025K, committed 20160K, reserved 1048576K
}
Event: 479.824 GC heap after
{Heap after GC invocations=64 (full 0):
 garbage-first heap   total 315392K, used 232867K [0x0000000080000000, 0x0000000100000000)
  region size 1024K, 10 young (10240K), 10 survivors (10240K)
 Metaspace       used 137439K, committed 139712K, reserved 1179648K
  class space    used 19025K, committed 20160K, reserved 1048576K
}
Event: 480.050 GC heap before
{Heap before GC invocations=64 (full 0):
 garbage-first heap   total 389120K, used 284067K [0x0000000080000000, 0x0000000100000000)
  region size 1024K, 61 young (62464K), 10 survivors (10240K)
 Metaspace       used 139164K, committed 141376K, reserved 1179648K
  class space    used 19295K, committed 20416K, reserved 1048576K
}

