# JRE version: OpenJDK Runtime Environment (21.0.5) (build 21.0.5+-12932927-b750.29)
# Java VM: OpenJDK 64-Bit Server VM (21.0.5+-12932927-b750.29, mixed mode, tiered, compressed oops, compressed class ptrs, g1 gc, windows-amd64)
GC Precious Log:
 CardTable entry size: 512
 Card Set container configuration: InlinePtr #cards 5 size 8 Array Of Cards #cards 12 size 40 Howl #buckets 4 coarsen threshold 1843 Howl Bitmap #cards 512 size 80 coarsen threshold 460 Card regions per heap region 1 cards per card region 2048
 CPUs: 12 total, 12 available
 Memory: 16110M
 Large Page Support: Disabled
 NUMA Support: Disabled
 Compressed Oops: Enabled (32-bit)
 Heap Region Size: 1M
 Heap Min Capacity: 8M
 Heap Initial Capacity: 252M
 Heap Max Capacity: 2G
 Pre-touch: Disabled
 Parallel Workers: 10
 Concurrent Workers: 3
 Concurrent Refinement Workers: 10
 Periodic GC: Disabled
Heap:
 garbage-first heap   total 386048K, used 245986K [0x0000000080000000, 0x0000000100000000)
  region size 1024K, 9 young (9216K), 9 survivors (9216K)
 Metaspace       used 132160K, committed 134400K, reserved 1179648K
  class space    used 18648K, committed 19776K, reserved 1048576K
GC Heap History (20 events):
Event: 9.889 GC heap after
{Heap after GC invocations=37 (full 0):
 garbage-first heap   total 210944K, used 120986K [0x0000000080000000, 0x0000000100000000)
  region size 1024K, 8 young (8192K), 8 survivors (8192K)
 Metaspace       used 114877K, committed 117056K, reserved 1179648K
  class space    used 15714K, committed 16832K, reserved 1048576K
}
Event: 10.022 GC heap before
{Heap before GC invocations=37 (full 0):
 garbage-first heap   total 210944K, used 189594K [0x0000000080000000, 0x0000000100000000)
  region size 1024K, 76 young (77824K), 8 survivors (8192K)
 Metaspace       used 116229K, committed 118464K, reserved 1179648K
  class space    used 15919K, committed 17024K, reserved 1048576K
}
Event: 10.028 GC heap after
{Heap after GC invocations=38 (full 0):
 garbage-first heap   total 214016K, used 135326K [0x0000000080000000, 0x0000000100000000)
  region size 1024K, 10 young (10240K), 10 survivors (10240K)
 Metaspace       used 116229K, committed 118464K, reserved 1179648K
  class space    used 15919K, committed 17024K, reserved 1048576K
}
Event: 10.260 GC heap before
{Heap before GC invocations=39 (full 0):
 garbage-first heap   total 227328K, used 189598K [0x0000000080000000, 0x0000000100000000)
  region size 1024K, 64 young (65536K), 10 survivors (10240K)
 Metaspace       used 119727K, committed 121984K, reserved 1179648K
  class space    used 16468K, committed 17600K, reserved 1048576K
}
Event: 10.266 GC heap after
{Heap after GC invocations=40 (full 0):
 garbage-first heap   total 227328K, used 143200K [0x0000000080000000, 0x0000000100000000)
  region size 1024K, 7 young (7168K), 7 survivors (7168K)
 Metaspace       used 119727K, committed 121984K, reserved 1179648K
  class space    used 16468K, committed 17600K, reserved 1048576K
}
Event: 10.380 GC heap before
{Heap before GC invocations=40 (full 0):
 garbage-first heap   total 227328K, used 203616K [0x0000000080000000, 0x0000000100000000)
  region size 1024K, 67 young (68608K), 7 survivors (7168K)
 Metaspace       used 121594K, committed 123776K, reserved 1179648K
  class space    used 16799K, committed 17920K, reserved 1048576K
}
Event: 10.389 GC heap after
{Heap after GC invocations=41 (full 0):
 garbage-first heap   total 227328K, used 151742K [0x0000000080000000, 0x0000000100000000)
  region size 1024K, 9 young (9216K), 9 survivors (9216K)
 Metaspace       used 121594K, committed 123776K, reserved 1179648K
  class space    used 16799K, committed 17920K, reserved 1048576K
}
Event: 10.500 GC heap before
{Heap before GC invocations=41 (full 0):
 garbage-first heap   total 227328K, used 203966K [0x0000000080000000, 0x0000000100000000)
  region size 1024K, 61 young (62464K), 9 survivors (9216K)
 Metaspace       used 123761K, committed 125952K, reserved 1179648K
  class space    used 17117K, committed 18240K, reserved 1048576K
}
Event: 10.510 GC heap after
{Heap after GC invocations=42 (full 0):
 garbage-first heap   total 308224K, used 159734K [0x0000000080000000, 0x0000000100000000)
  region size 1024K, 8 young (8192K), 8 survivors (8192K)
 Metaspace       used 123761K, committed 125952K, reserved 1179648K
  class space    used 17117K, committed 18240K, reserved 1048576K
}
Event: 10.772 GC heap before
{Heap before GC invocations=43 (full 0):
 garbage-first heap   total 308224K, used 267254K [0x0000000080000000, 0x0000000100000000)
  region size 1024K, 114 young (116736K), 8 survivors (8192K)
 Metaspace       used 125216K, committed 127424K, reserved 1179648K
  class space    used 17319K, committed 18432K, reserved 1048576K
}
Event: 10.784 GC heap after
{Heap after GC invocations=44 (full 0):
 garbage-first heap   total 308224K, used 180567K [0x0000000080000000, 0x0000000100000000)
  region size 1024K, 15 young (15360K), 15 survivors (15360K)
 Metaspace       used 125216K, committed 127424K, reserved 1179648K
  class space    used 17319K, committed 18432K, reserved 1048576K
}
Event: 10.881 GC heap before
{Heap before GC invocations=44 (full 0):
 garbage-first heap   total 308224K, used 266583K [0x0000000080000000, 0x0000000100000000)
  region size 1024K, 100 young (102400K), 15 survivors (15360K)
 Metaspace       used 127235K, committed 129472K, reserved 1179648K
  class space    used 17763K, committed 18880K, reserved 1048576K
}
Event: 10.899 GC heap after
{Heap after GC invocations=45 (full 0):
 garbage-first heap   total 308224K, used 197348K [0x0000000080000000, 0x0000000100000000)
  region size 1024K, 13 young (13312K), 13 survivors (13312K)
 Metaspace       used 127235K, committed 129472K, reserved 1179648K
  class space    used 17763K, committed 18880K, reserved 1048576K
}
Event: 10.971 GC heap before
{Heap before GC invocations=45 (full 0):
 garbage-first heap   total 308224K, used 274148K [0x0000000080000000, 0x0000000100000000)
  region size 1024K, 88 young (90112K), 13 survivors (13312K)
 Metaspace       used 128311K, committed 130560K, reserved 1179648K
  class space    used 17955K, committed 19072K, reserved 1048576K
}
Event: 10.986 GC heap after
{Heap after GC invocations=46 (full 0):
 garbage-first heap   total 308224K, used 216576K [0x0000000080000000, 0x0000000100000000)
  region size 1024K, 11 young (11264K), 11 survivors (11264K)
 Metaspace       used 128311K, committed 130560K, reserved 1179648K
  class space    used 17955K, committed 19072K, reserved 1048576K
}
Event: 11.079 GC heap before
{Heap before GC invocations=46 (full 0):
 garbage-first heap   total 308224K, used 275968K [0x0000000080000000, 0x0000000100000000)
  region size 1024K, 70 young (71680K), 11 survivors (11264K)
 Metaspace       used 130063K, committed 132288K, reserved 1179648K
  class space    used 18262K, committed 19392K, reserved 1048576K
}
Event: 11.090 GC heap after
{Heap after GC invocations=47 (full 0):
 garbage-first heap   total 308224K, used 230774K [0x0000000080000000, 0x0000000100000000)
  region size 1024K, 9 young (9216K), 9 survivors (9216K)
 Metaspace       used 130063K, committed 132288K, reserved 1179648K
  class space    used 18262K, committed 19392K, reserved 1048576K
}
Event: 11.210 GC heap before
{Heap before GC invocations=48 (full 0):
 garbage-first heap   total 386048K, used 276854K [0x0000000080000000, 0x0000000100000000)
  region size 1024K, 55 young (56320K), 9 survivors (9216K)
 Metaspace       used 131255K, committed 133440K, reserved 1179648K
  class space    used 18477K, committed 19584K, reserved 1048576K
}
Event: 11.218 GC heap after
{Heap after GC invocations=49 (full 0):
 garbage-first heap   total 386048K, used 239532K [0x0000000080000000, 0x0000000100000000)
  region size 1024K, 7 young (7168K), 7 survivors (7168K)
 Metaspace       used 131255K, committed 133440K, reserved 1179648K
  class space    used 18477K, committed 19584K, reserved 1048576K
}
Event: 11.385 GC heap before
{Heap before GC invocations=49 (full 0):
 garbage-first heap   total 386048K, used 335788K [0x0000000080000000, 0x0000000100000000)
  region size 1024K, 102 young (104448K), 7 survivors (7168K)
 Metaspace       used 132160K, committed 134400K, reserved 1179648K
  class space    used 18648K, committed 19776K, reserved 1048576K
}

